<?xml version="1.0" encoding="UTF-8"?>
<!-- Generated by org.testng.reporters.JUnitReportReporter -->
<testsuite hostname="E4ML18197" name="org.api.automation.TC_001_End2EndApiAutomation" tests="1" failures="0" timestamp="17 Nov 2017 21:00:46 GMT" time="2.890" errors="0">
  <testcase name="tc_001_test1" time="2.890" classname="org.api.automation.TC_001_End2EndApiAutomation"/>
</testsuite> <!-- org.api.automation.TC_001_End2EndApiAutomation -->
